<?xml version="1.0" encoding="UTF-8"?>
<!-- Generated by org.testng.reporters.JUnitReportReporter -->
<testsuite skipped="0" hostname="DESKTOP-O1DLNK6" name="testPackage.ExtractionExample" tests="1" failures="0" timestamp="03 Aug 2019 16:08:27 GMT" time="1.335" errors="0">
  <testcase name="getRequest" time="1.335" classname="testPackage.ExtractionExample"/>
</testsuite> <!-- testPackage.ExtractionExample -->
