<?xml version="1.0" encoding="UTF-8"?>
<!-- Generated by org.testng.reporters.JUnitReportReporter -->
<testsuite skipped="0" hostname="DESKTOP-O1DLNK6" name="seleniumBasics.BasicDriver4" tests="1" failures="0" timestamp="17 Sep 2019 05:46:25 GMT" time="13.314" errors="0">
  <testcase name="launchSite" time="13.314" classname="seleniumBasics.BasicDriver4"/>
</testsuite> <!-- seleniumBasics.BasicDriver4 -->
